[( {time}] [ ){type}] loaded: add
[( {time}] [ ){type}] loaded: antilink
[( {time}] [ ){type}] loaded: backup
[( {time}] [ ){type}] loaded: brat
[( {time}] [ ){type}] loaded: broadcast
[( {time}] [ ){type}] loaded: claimowner
[( {time}] [ ){type}] loaded: demote
[( {time}] [ ){type}] loaded: eval
[( {time}] [ ){type}] loaded: grupinfo
[( {time}] [ ){type}] loaded: kick
[( {time}] [ ){type}] loaded: listgrup
[( {time}] [ ){type}] loaded: menu
[( {time}] [ ){type}] loaded: mute
[( {time}] [ ){type}] loaded: owner
[( {time}] [ ){type}] loaded: pinterest
[( {time}] [ ){type}] loaded: ping
[( {time}] [ ){type}] loaded: play
[( {time}] [ ){type}] loaded: gp
[( {time}] [ ){type}] loaded: sp
[( {time}] [ ){type}] loaded: dp
[( {time}] [ ){type}] loaded: listplugin
[( {time}] [ ){type}] loaded: promote
[( {time}] [ ){type}] loaded: restart
[( {time}] [ ){type}] loaded: sc
[( {time}] [ ){type}] loaded: setmsg
[( {time}] [ ){type}] loaded: setppgc
[( {time}] [ ){type}] loaded: setting
[( {time}] [ ){type}] loaded: status
[( {time}] [ ){type}] loaded: tagall
[( {time}] [ ){type}] loaded: tiktok
[( {time}] [ ){type}] loaded: unmute
[( {time}] [ ){type}] total plugin: 32
[( {time}] [ ){type}] loaded: whoami
[( {time}] [ ){type}] Pairing Code kamu: CODERAYY
[( {time}] [ ){type}] Koneksi putus (515). Reconnect: true
[( {time}] [ ){type}] © Zeta Vestia terhubung
[( {time}] [ ){type}] Session berhasil di-backup
[( {time}] [ ){type}] menu dari 147356553085141
[( {time}] [ ){type}] info dari 147356553085141
[( {time}] [ ){type}] ping dari 147356553085141
[( {time}] [ ){type}] loaded: add
[( {time}] [ ){type}] loaded: antilink
[( {time}] [ ){type}] loaded: backup
[( {time}] [ ){type}] loaded: brat
[( {time}] [ ){type}] loaded: broadcast
[( {time}] [ ){type}] loaded: claimowner
[( {time}] [ ){type}] loaded: demote
[( {time}] [ ){type}] loaded: eval
[( {time}] [ ){type}] loaded: grupinfo
[( {time}] [ ){type}] loaded: kick
[( {time}] [ ){type}] loaded: listgrup
[( {time}] [ ){type}] loaded: menu
[( {time}] [ ){type}] loaded: mute
[( {time}] [ ){type}] loaded: owner
[( {time}] [ ){type}] loaded: pinterest
[( {time}] [ ){type}] loaded: ping
[( {time}] [ ){type}] loaded: play
[( {time}] [ ){type}] loaded: gp
[( {time}] [ ){type}] loaded: sp
[( {time}] [ ){type}] loaded: dp
[( {time}] [ ){type}] loaded: listplugin
[( {time}] [ ){type}] loaded: promote
[( {time}] [ ){type}] loaded: restart
[( {time}] [ ){type}] loaded: sc
[( {time}] [ ){type}] loaded: setmsg
[( {time}] [ ){type}] loaded: setppgc
[( {time}] [ ){type}] loaded: setting
[( {time}] [ ){type}] loaded: status
[( {time}] [ ){type}] loaded: tagall
[( {time}] [ ){type}] loaded: tiktok
[( {time}] [ ){type}] loaded: unmute
[( {time}] [ ){type}] loaded: whoami
[( {time}] [ ){type}] total plugin: 32
[( {time}] [ ){type}] © Zeta Vestia terhubung
[( {time}] [ ){type}] Session berhasil di-backup
[( {time}] [ ){type}] menu dari 147356553085141
[( {time}] [ ){type}] loaded: add
[( {time}] [ ){type}] loaded: antilink
[( {time}] [ ){type}] loaded: backup
[( {time}] [ ){type}] loaded: brat
[( {time}] [ ){type}] loaded: broadcast
[( {time}] [ ){type}] loaded: claimowner
[( {time}] [ ){type}] loaded: demote
[( {time}] [ ){type}] loaded: eval
[( {time}] [ ){type}] loaded: grupinfo
[( {time}] [ ){type}] loaded: kick
[( {time}] [ ){type}] loaded: listgrup
[( {time}] [ ){type}] loaded: menu
[( {time}] [ ){type}] loaded: mute
[( {time}] [ ){type}] loaded: owner
[( {time}] [ ){type}] loaded: pinterest
[( {time}] [ ){type}] loaded: ping
[( {time}] [ ){type}] loaded: play
[( {time}] [ ){type}] loaded: gp
[( {time}] [ ){type}] loaded: sp
[( {time}] [ ){type}] loaded: dp
[( {time}] [ ){type}] loaded: listplugin
[( {time}] [ ){type}] loaded: promote
[( {time}] [ ){type}] loaded: restart
[( {time}] [ ){type}] loaded: sc
[( {time}] [ ){type}] loaded: setmsg
[( {time}] [ ){type}] loaded: setppgc
[( {time}] [ ){type}] loaded: setting
[( {time}] [ ){type}] loaded: status
[( {time}] [ ){type}] loaded: tagall
[( {time}] [ ){type}] loaded: tiktok
[( {time}] [ ){type}] loaded: unmute
[( {time}] [ ){type}] loaded: whoami
[( {time}] [ ){type}] total plugin: 32
[( {time}] [ ){type}] © Zeta Vestia terhubung
[( {time}] [ ){type}] Session berhasil di-backup
[( {time}] [ ){type}] menu dari 147356553085141
[( {time}] [ ){type}] menu dari 147356553085141
[( {time}] [ ){type}] ping dari 147356553085141
[( {time}] [ ){type}] info dari 147356553085141
[( {time}] [ ){type}] brat dari 147356553085141
[( {time}] [ ){type}] brat dari 147356553085141
[( {time}] [ ){type}] ping dari 147356553085141
[( {time}] [ ){type}] ping dari 147356553085141
[( {time}] [ ){type}] info dari 147356553085141
[2026-03-29T16:35:46.429Z] [PLUGIN] loaded: add
[2026-03-29T16:35:46.430Z] [PLUGIN] loaded: antilink
[2026-03-29T16:35:46.438Z] [PLUGIN] loaded: backup
[2026-03-29T16:35:46.499Z] [PLUGIN] loaded: brat
[2026-03-29T16:35:46.500Z] [PLUGIN] loaded: broadcast
[2026-03-29T16:35:46.501Z] [PLUGIN] loaded: claimowner
[2026-03-29T16:35:46.502Z] [PLUGIN] loaded: demote
[2026-03-29T16:35:46.503Z] [PLUGIN] loaded: eval
[2026-03-29T16:35:46.504Z] [PLUGIN] loaded: grupinfo
[2026-03-29T16:35:46.505Z] [PLUGIN] loaded: kick
[2026-03-29T16:35:46.505Z] [PLUGIN] loaded: listgrup
[2026-03-29T16:35:46.506Z] [PLUGIN] loaded: menu
[2026-03-29T16:35:46.507Z] [PLUGIN] loaded: mute
[2026-03-29T16:35:46.507Z] [PLUGIN] loaded: owner
[2026-03-29T16:35:46.508Z] [PLUGIN] loaded: pinterest
[2026-03-29T16:35:46.509Z] [PLUGIN] loaded: ping
[2026-03-29T16:35:46.510Z] [PLUGIN] loaded: play
[2026-03-29T16:35:46.511Z] [PLUGIN] loaded: gp
[2026-03-29T16:35:46.511Z] [PLUGIN] loaded: sp
[2026-03-29T16:35:46.511Z] [PLUGIN] loaded: dp
[2026-03-29T16:35:46.512Z] [PLUGIN] loaded: listplugin
[2026-03-29T16:35:46.512Z] [PLUGIN] loaded: promote
[2026-03-29T16:35:46.513Z] [PLUGIN] loaded: restart
[2026-03-29T16:35:46.513Z] [PLUGIN] loaded: sc
[2026-03-29T16:35:46.518Z] [PLUGIN] loaded: setmsg
[2026-03-29T16:35:46.518Z] [PLUGIN] loaded: setppgc
[2026-03-29T16:35:46.519Z] [PLUGIN] loaded: setting
[2026-03-29T16:35:46.520Z] [PLUGIN] loaded: status
[2026-03-29T16:35:46.520Z] [PLUGIN] loaded: tagall
[2026-03-29T16:35:46.521Z] [PLUGIN] loaded: tiktok
[2026-03-29T16:35:46.522Z] [PLUGIN] loaded: unmute
[2026-03-29T16:35:46.522Z] [PLUGIN] loaded: whoami
[2026-03-29T16:35:46.523Z] [PLUGIN] total plugin: 32
[2026-03-29T16:35:47.862Z] [BOT] © Zeta Vestia terhubung
[2026-03-29T16:35:47.942Z] [BACKUP] Session berhasil di-backup
[2026-03-29T16:38:57.254Z] [CMD] menu dari 147356553085141
[2026-03-29T16:42:52.985Z] [CMD] sp dari 147356553085141
[2026-03-29T16:42:56.619Z] [CMD] du dari 147356553085141
[2026-03-29T16:49:36.136Z] [CMD] ping dari 147356553085141
[2026-03-29T16:49:36.674Z] [CMD] ping dari 147356553085141
[2026-03-29T16:49:39.654Z] [CMD] ping dari 147356553085141
[2026-03-29T16:49:41.390Z] [CMD] ping dari 147356553085141
[2026-03-29T16:49:42.063Z] [ERR] ping: rate-overlimit
[2026-03-29T16:49:43.128Z] [ERR] Handler utama: rate-overlimit
[2026-03-29T16:49:43.490Z] [CMD] ping dari 147356553085141
[2026-03-29T16:49:43.740Z] [ERR] ping: rate-overlimit
[2026-03-29T16:49:43.871Z] [ERR] Handler utama: rate-overlimit
[2026-03-29T16:49:51.335Z] [CMD] menu dari 147356553085141
[2026-03-29T16:49:58.943Z] [CMD] menu dari 147356553085141
[2026-03-29T16:50:02.510Z] [CMD] menu dari 147356553085141
[2026-03-29T16:50:03.788Z] [ERR] menu: rate-overlimit
[2026-03-29T16:50:03.920Z] [ERR] Handler utama: rate-overlimit
[2026-03-29T16:55:58.652Z] [CMD] sc dari 147356553085141
[2026-03-29T16:56:29.807Z] [PLUGIN] loaded: add
[2026-03-29T16:56:29.808Z] [PLUGIN] loaded: antilink
[2026-03-29T16:56:29.816Z] [PLUGIN] loaded: backup
[2026-03-29T16:56:29.878Z] [PLUGIN] loaded: brat
[2026-03-29T16:56:29.879Z] [PLUGIN] loaded: broadcast
[2026-03-29T16:56:29.880Z] [PLUGIN] loaded: claimowner
[2026-03-29T16:56:29.881Z] [PLUGIN] loaded: demote
[2026-03-29T16:56:29.882Z] [PLUGIN] loaded: du
[2026-03-29T16:56:29.884Z] [PLUGIN] loaded: eval
[2026-03-29T16:56:29.884Z] [PLUGIN] loaded: grupinfo
[2026-03-29T16:56:29.885Z] [PLUGIN] loaded: kick
[2026-03-29T16:56:29.886Z] [PLUGIN] loaded: listgrup
[2026-03-29T16:56:29.886Z] [PLUGIN] loaded: menu
[2026-03-29T16:56:29.887Z] [PLUGIN] loaded: mute
[2026-03-29T16:56:29.888Z] [PLUGIN] loaded: owner
[2026-03-29T16:56:29.889Z] [PLUGIN] loaded: pinterest
[2026-03-29T16:56:29.889Z] [PLUGIN] loaded: ping
[2026-03-29T16:56:29.890Z] [PLUGIN] loaded: play
[2026-03-29T16:56:29.891Z] [PLUGIN] loaded: gp
[2026-03-29T16:56:29.892Z] [PLUGIN] loaded: sp
[2026-03-29T16:56:29.892Z] [PLUGIN] loaded: dp
[2026-03-29T16:56:29.892Z] [PLUGIN] loaded: listplugin
[2026-03-29T16:56:29.896Z] [PLUGIN] loaded: promote
[2026-03-29T16:56:29.896Z] [PLUGIN] loaded: restart
[2026-03-29T16:56:29.897Z] [PLUGIN] loaded: sc
[2026-03-29T16:56:29.898Z] [PLUGIN] loaded: setmsg
[2026-03-29T16:56:29.898Z] [PLUGIN] loaded: setppgc
[2026-03-29T16:56:29.899Z] [PLUGIN] loaded: setting
[2026-03-29T16:56:29.899Z] [PLUGIN] loaded: status
[2026-03-29T16:56:29.900Z] [PLUGIN] loaded: tagall
[2026-03-29T16:56:29.901Z] [PLUGIN] loaded: tiktok
[2026-03-29T16:56:29.901Z] [PLUGIN] loaded: unmute
[2026-03-29T16:56:29.903Z] [PLUGIN] loaded: whoami
[2026-03-29T16:56:29.904Z] [PLUGIN] total plugin: 33
[2026-03-29T16:56:31.414Z] [BOT] © Zeta Vestia terhubung
[2026-03-29T16:56:31.484Z] [BACKUP] Session berhasil di-backup
